<?xml version="1.0" encoding="UTF-8"?>
<testsuite xmlns:xsi="http://www.w3.org/2001/XMLSchema-instance" xsi:noNamespaceSchemaLocation="https://maven.apache.org/surefire/maven-surefire-plugin/xsd/surefire-test-report.xsd" name="Translate.DictionariesTest" time="0.07" tests="6" errors="0" skipped="0" failures="0">
  <properties>
[...]
</properties>
  <testcase name="addWord" classname="Translate.DictionariesTest" time="0.047"/>
  <testcase name="exportDictionary" classname="Translate.DictionariesTest" time="0.001"/>
  <testcase name="removeDefinition" classname="Translate.DictionariesTest" time="0.004"/>
  <testcase name="addDefinitionForWord" classname="Translate.DictionariesTest" time="0.008"/>
  <testcase name="removeWord" classname="Translate.DictionariesTest" time="0.004"/>
  <testcase name="getDefinitionsForWord" classname="Translate.DictionariesTest" time="0.001"/>
</testsuite>